{"contracts/Bank.sol":{"l":{"27":3,"28":3,"29":2,"32":3,"33":3,"39":1,"41":1,"43":1,"44":1,"51":0,"55":3},"path":"/home/thefirstelder/Documents/class/firstHardhatClass/contracts/Bank.sol","s":{"1":3,"2":3,"3":3,"4":1,"5":1,"6":1,"7":0,"8":3},"b":{"1":[2,1],"2":[1,0]},"f":{"1":3,"2":1,"3":0,"4":3},"fnMap":{"1":{"name":"deposit","line":25,"loc":{"start":{"line":25,"column":4},"end":{"line":34,"column":4}}},"2":{"name":"withdraw","line":38,"loc":{"start":{"line":38,"column":4},"end":{"line":46,"column":4}}},"3":{"name":"getCounter","line":50,"loc":{"start":{"line":50,"column":4},"end":{"line":52,"column":4}}},"4":{"name":"getCurrentUSerBalance","line":54,"loc":{"start":{"line":54,"column":4},"end":{"line":56,"column":4}}}},"statementMap":{"1":{"start":{"line":27,"column":8},"end":{"line":27,"column":54}},"2":{"start":{"line":28,"column":8},"end":{"line":28,"column":992}},"3":{"start":{"line":33,"column":8},"end":{"line":33,"column":43}},"4":{"start":{"line":41,"column":4},"end":{"line":41,"column":57}},"5":{"start":{"line":43,"column":4},"end":{"line":43,"column":39}},"6":{"start":{"line":44,"column":4},"end":{"line":44,"column":60}},"7":{"start":{"line":51,"column":8},"end":{"line":51,"column":22}},"8":{"start":{"line":55,"column":8},"end":{"line":55,"column":33}}},"branchMap":{"1":{"line":28,"type":"if","locations":[{"start":{"line":28,"column":8},"end":{"line":28,"column":8}},{"start":{"line":28,"column":8},"end":{"line":28,"column":8}}]},"2":{"line":43,"type":"if","locations":[{"start":{"line":43,"column":4},"end":{"line":43,"column":4}},{"start":{"line":43,"column":4},"end":{"line":43,"column":4}}]}}}}